[2019-10-31 01:15:12 $82.0]	INFO	Server is reloading all workers now
[2019-10-31 01:15:17 $82.0]	INFO	Server is reloading all workers now
[2019-10-31 02:44:26 $180.0]	INFO	Server is reloading all workers now
[2019-10-31 02:45:16 $180.0]	INFO	Server is reloading all workers now
[2019-10-31 02:46:15 $180.0]	INFO	Server is reloading all workers now
[2019-10-31 02:46:43 $180.0]	INFO	Server is reloading all workers now
[2019-10-31 03:05:13 $180.0]	INFO	Server is reloading all workers now
[2019-10-31 03:05:29 $180.0]	INFO	Server is reloading all workers now
[2019-10-31 03:07:23 $180.0]	INFO	Server is reloading all workers now
[2019-10-31 03:07:58 $180.0]	INFO	Server is reloading all workers now
[2019-10-31 03:08:04 $180.0]	INFO	Server is reloading all workers now
[2019-10-31 03:08:18 $180.0]	INFO	Server is reloading all workers now
[2019-10-31 03:08:28 $180.0]	INFO	Server is reloading all workers now
[2019-10-31 03:10:21 $180.0]	INFO	Server is reloading all workers now
[2019-10-31 03:12:01 $180.0]	INFO	Server is reloading all workers now
[2019-10-31 03:12:06 $180.0]	INFO	Server is reloading all workers now
[2019-10-31 03:12:15 $180.0]	INFO	Server is reloading all workers now
[2019-10-31 03:12:23 $180.0]	INFO	Server is reloading all workers now
[2019-10-31 03:13:03 $180.0]	INFO	Server is reloading all workers now
[2019-10-31 03:13:31 $180.0]	INFO	Server is reloading all workers now
[2019-10-31 03:16:26 *404.4]	NOTICE	swFactoryProcess_finish (ERRNO 1005): connection[fd=2] does not exists
[2019-10-31 03:23:33 *93.4]	NOTICE	swFactoryProcess_finish (ERRNO 1005): connection[fd=2] does not exists
[2019-10-31 03:32:13 $84.0]	INFO	Server is reloading all workers now
[2019-10-31 03:33:36 $122.0]	INFO	Server is reloading all workers now
[2019-10-31 03:33:50 $122.0]	INFO	Server is reloading all workers now
[2019-10-31 03:34:20 $170.0]	INFO	Server is reloading all workers now
[2019-10-31 03:42:29 $218.0]	INFO	Server is reloading all workers now
[2019-10-31 03:44:21 $218.0]	INFO	Server is reloading all workers now
[2019-10-31 07:26:34 $139.0]	INFO	Server is reloading all workers now
[2019-10-31 07:26:42 $139.0]	INFO	Server is reloading all workers now
[2019-10-31 07:26:47 $139.0]	INFO	Server is reloading all workers now
[2019-10-31 07:27:39 $139.0]	INFO	Server is reloading all workers now
[2019-10-31 07:30:58 $139.0]	INFO	Server is reloading all workers now
[2019-10-31 08:20:57 $211.0]	INFO	Server is reloading all workers now
[2019-10-31 08:21:12 *237.4]	ERROR	php_swoole_server_rshutdown (ERRNO 503): Fatal error: Method App\Model\User::__toString() must not throw an exception, caught EasySwoole\Whoops\Exception\ErrorException: array_merge(): Argument #1 is not an array in /easyswoole/vendor/easyswoole/http/src/Response.php on line 0
[2019-10-31 08:21:12 $211.0]	WARNING	swManager_check_exit_status: worker#4[pid=237] abnormal exit, status=255, signal=0
[2019-10-31 08:21:20 *253.4]	ERROR	php_swoole_server_rshutdown (ERRNO 503): Fatal error: Method App\Model\User::__toString() must not throw an exception, caught EasySwoole\Whoops\Exception\ErrorException: array_merge(): Argument #1 is not an array in /easyswoole/vendor/easyswoole/http/src/Response.php on line 0
[2019-10-31 08:21:20 $244.0]	WARNING	swManager_check_exit_status: worker#4[pid=253] abnormal exit, status=255, signal=0
[2019-10-31 08:21:24 *252.3]	ERROR	php_swoole_server_rshutdown (ERRNO 503): Fatal error: Method App\Model\User::__toString() must not throw an exception, caught EasySwoole\Whoops\Exception\ErrorException: array_merge(): Argument #1 is not an array in /easyswoole/vendor/easyswoole/http/src/Response.php on line 0
[2019-10-31 08:21:24 $244.0]	WARNING	swManager_check_exit_status: worker#3[pid=252] abnormal exit, status=255, signal=0
[2019-10-31 08:22:12 $244.0]	INFO	Server is reloading all workers now
[2019-10-31 08:27:35 $279.0]	INFO	Server is reloading all workers now
[2019-10-31 08:31:14 $279.0]	INFO	Server is reloading all workers now
[2019-10-31 08:33:24 $319.0]	INFO	Server is reloading all workers now
[2019-10-31 08:34:30 $319.0]	INFO	Server is reloading all workers now
[2019-10-31 08:34:31 $319.0]	INFO	Server is reloading all workers now
[2019-10-31 08:35:28 $319.0]	INFO	Server is reloading all workers now
[2019-10-31 08:35:41 $319.0]	INFO	Server is reloading all workers now
[2019-10-31 08:39:41 $319.0]	INFO	Server is reloading all workers now
[2019-10-31 08:41:30 $319.0]	INFO	Server is reloading all workers now
[2019-10-31 08:44:30 $319.0]	INFO	Server is reloading all workers now
[2019-10-31 08:59:58 $319.0]	INFO	Server is reloading all workers now
[2019-10-31 09:00:45 $319.0]	INFO	Server is reloading all workers now
[2019-10-31 09:07:33 $319.0]	INFO	Server is reloading all workers now
[2019-10-31 09:08:20 $319.0]	INFO	Server is reloading all workers now
[2019-10-31 09:08:48 $319.0]	INFO	Server is reloading all workers now
[2019-10-31 09:09:15 $319.0]	INFO	Server is reloading all workers now
[2019-10-31 09:09:26 $319.0]	INFO	Server is reloading all workers now
[2019-10-31 09:31:43 $477.0]	INFO	Server is reloading all workers now
[2019-10-31 09:31:57 $477.0]	INFO	Server is reloading all workers now
[2019-10-31 09:49:22 $477.0]	INFO	Server is reloading all workers now
[2019-10-31 09:49:47 $477.0]	INFO	Server is reloading all workers now
[2019-10-31 09:50:31 $477.0]	INFO	Server is reloading all workers now
[2019-10-31 09:50:45 $477.0]	INFO	Server is reloading all workers now
[2019-10-31 09:51:18 $553.0]	INFO	Server is reloading all workers now
[2019-10-31 09:51:35 $553.0]	INFO	Server is reloading all workers now
[2019-10-31 09:52:03 $553.0]	INFO	Server is reloading all workers now
[2019-10-31 09:52:17 $553.0]	INFO	Server is reloading all workers now
[2019-10-31 09:54:16 $553.0]	INFO	Server is reloading all workers now
[2019-10-31 09:55:51 $553.0]	INFO	Server is reloading all workers now
[2019-10-31 09:55:58 $553.0]	INFO	Server is reloading all workers now
[2019-10-31 09:56:13 $553.0]	INFO	Server is reloading all workers now
[2019-10-31 09:56:23 $553.0]	INFO	Server is reloading all workers now
[2019-10-31 09:56:29 $553.0]	INFO	Server is reloading all workers now
[2019-10-31 11:04:44 $553.0]	INFO	Server is reloading all workers now
[2019-10-31 11:04:45 *683.3]	ERROR	php_swoole_server_rshutdown (ERRNO 503): Fatal error: Method App\Model\User::__toString() must not throw an exception, caught EasySwoole\Whoops\Exception\ErrorException: array_merge(): Argument #1 is not an array in /easyswoole/vendor/easyswoole/http/src/Response.php on line 0
[2019-10-31 11:04:45 $553.0]	WARNING	swManager_check_exit_status: worker#3[pid=683] abnormal exit, status=255, signal=0
[2019-10-31 11:05:17 *699.4]	ERROR	php_swoole_server_rshutdown (ERRNO 503): Fatal error: Method App\Model\User::__toString() must not throw an exception, caught EasySwoole\Whoops\Exception\ErrorException: array_merge(): Argument #1 is not an array in /easyswoole/vendor/easyswoole/http/src/Response.php on line 0
[2019-10-31 11:05:17 $690.0]	WARNING	swManager_check_exit_status: worker#4[pid=699] abnormal exit, status=255, signal=0
[2019-10-31 11:05:18 *698.3]	ERROR	php_swoole_server_rshutdown (ERRNO 503): Fatal error: Method App\Model\User::__toString() must not throw an exception, caught EasySwoole\Whoops\Exception\ErrorException: array_merge(): Argument #1 is not an array in /easyswoole/vendor/easyswoole/http/src/Response.php on line 0
[2019-10-31 11:05:18 $690.0]	WARNING	swManager_check_exit_status: worker#3[pid=698] abnormal exit, status=255, signal=0
[2019-10-31 11:05:27 $690.0]	INFO	Server is reloading all workers now
[2019-10-31 11:05:52 $690.0]	INFO	Server is reloading all workers now
[2019-10-31 11:06:13 $690.0]	INFO	Server is reloading all workers now
[2019-10-31 11:06:32 $690.0]	INFO	Server is reloading all workers now
[2019-10-31 11:06:55 $690.0]	INFO	Server is reloading all workers now
[2019-10-31 11:07:16 $759.0]	INFO	Server is reloading all workers now
[2019-11-09 12:38:43 $32.0]	INFO	Server is reloading all workers now
[2019-11-09 12:51:20 $79.0]	INFO	Server is reloading all workers now
[2019-11-09 12:51:40 $79.0]	INFO	Server is reloading all workers now
[2019-11-09 12:53:31 $79.0]	INFO	Server is reloading all workers now
[2019-11-09 13:03:55 $79.0]	INFO	Server is reloading all workers now
[2019-11-09 13:04:55 $79.0]	INFO	Server is reloading all workers now
[2019-11-09 13:05:24 $79.0]	INFO	Server is reloading all workers now
[2019-11-09 13:05:54 $79.0]	INFO	Server is reloading all workers now
[2019-11-09 13:06:06 $79.0]	INFO	Server is reloading all workers now
[2019-11-09 13:07:46 $79.0]	INFO	Server is reloading all workers now
[2019-11-09 13:07:59 $79.0]	INFO	Server is reloading all workers now
[2019-11-09 13:10:21 $79.0]	INFO	Server is reloading all workers now
[2019-11-09 13:10:59 $79.0]	INFO	Server is reloading all workers now
[2019-11-09 13:11:23 $79.0]	INFO	Server is reloading all workers now
[2019-11-09 13:11:35 $79.0]	INFO	Server is reloading all workers now
[2019-11-09 13:13:16 $79.0]	INFO	Server is reloading all workers now
[2019-11-09 13:13:37 $79.0]	INFO	Server is reloading all workers now
[2019-11-09 13:15:04 $79.0]	INFO	Server is reloading all workers now
[2019-11-09 13:15:42 $79.0]	INFO	Server is reloading all workers now
[2019-11-09 13:17:23 $79.0]	INFO	Server is reloading all workers now
[2019-11-09 13:17:36 $79.0]	INFO	Server is reloading all workers now
[2019-11-09 13:18:19 $79.0]	INFO	Server is reloading all workers now
[2019-11-09 13:21:42 $303.0]	INFO	Server is reloading all workers now
[2019-11-09 13:22:11 $303.0]	INFO	Server is reloading all workers now
[2019-11-09 13:22:53 $303.0]	INFO	Server is reloading all workers now
[2019-11-09 13:23:32 $303.0]	INFO	Server is reloading all workers now
[2019-11-09 13:23:55 $303.0]	INFO	Server is reloading all workers now
[2019-11-09 13:27:33 $370.0]	INFO	Server is reloading all workers now
[2019-11-09 13:28:21 $370.0]	INFO	Server is reloading all workers now
[2019-11-09 13:28:41 $370.0]	INFO	Server is reloading all workers now
[2019-11-09 13:29:32 $370.0]	INFO	Server is reloading all workers now
[2019-11-09 13:29:57 $370.0]	INFO	Server is reloading all workers now
[2019-11-09 13:31:11 $370.0]	INFO	Server is reloading all workers now
[2019-11-09 14:42:13 *443.4]	WARNING	swSignalfd_onSignal (ERRNO 707): Unable to find callback function for signal Broken pipe: 13
[2019-11-10 03:29:57 *509.4]	WARNING	swSignalfd_onSignal (ERRNO 707): Unable to find callback function for signal Broken pipe: 13
[2019-11-10 08:02:49 *509.4]	WARNING	swSignalfd_onSignal (ERRNO 707): Unable to find callback function for signal Broken pipe: 13
[2019-11-10 09:40:39 *509.4]	WARNING	swSignalfd_onSignal (ERRNO 707): Unable to find callback function for signal Broken pipe: 13
[2019-11-10 10:19:14 *509.4]	WARNING	swSignalfd_onSignal (ERRNO 707): Unable to find callback function for signal Broken pipe: 13
[2019-11-10 11:39:29 *509.4]	WARNING	swSignalfd_onSignal (ERRNO 707): Unable to find callback function for signal Broken pipe: 13
[2019-11-10 11:39:34 *508.3]	WARNING	swSignalfd_onSignal (ERRNO 707): Unable to find callback function for signal Broken pipe: 13
[2019-11-11 08:07:36 *509.4]	WARNING	swSignalfd_onSignal (ERRNO 707): Unable to find callback function for signal Broken pipe: 13
[2019-11-11 08:42:46 *508.3]	WARNING	swSignalfd_onSignal (ERRNO 707): Unable to find callback function for signal Broken pipe: 13
[2019-11-11 08:43:41 *509.4]	WARNING	swSignalfd_onSignal (ERRNO 707): Unable to find callback function for signal Broken pipe: 13
[2019-11-11 09:48:20 *508.3]	WARNING	swSignalfd_onSignal (ERRNO 707): Unable to find callback function for signal Broken pipe: 13
[2019-11-11 09:49:15 *509.4]	WARNING	swSignalfd_onSignal (ERRNO 707): Unable to find callback function for signal Broken pipe: 13
[2019-11-11 14:05:05 *508.3]	WARNING	swSignalfd_onSignal (ERRNO 707): Unable to find callback function for signal Broken pipe: 13
[2019-11-11 14:53:33 *509.4]	WARNING	swSignalfd_onSignal (ERRNO 707): Unable to find callback function for signal Broken pipe: 13
[2019-11-11 14:53:38 *508.3]	WARNING	swSignalfd_onSignal (ERRNO 707): Unable to find callback function for signal Broken pipe: 13
[2019-11-18 09:19:07 $68.0]	INFO	Server is reloading all workers now
[2019-11-18 09:19:08 $68.0]	INFO	Server is reloading all workers now
[2019-11-18 09:19:09 $68.0]	INFO	Server is reloading all workers now
[2019-11-18 09:36:17 $68.0]	INFO	Server is reloading all workers now
[2019-11-18 09:37:18 $68.0]	INFO	Server is reloading all workers now
[2019-11-18 09:37:42 $68.0]	INFO	Server is reloading all workers now
[2019-11-18 09:37:59 $68.0]	INFO	Server is reloading all workers now
[2019-11-18 09:38:31 $68.0]	INFO	Server is reloading all workers now
[2019-11-18 09:38:41 $68.0]	INFO	Server is reloading all workers now
[2019-11-18 09:38:55 $68.0]	INFO	Server is reloading all workers now
[2019-11-18 09:39:04 $68.0]	INFO	Server is reloading all workers now
[2019-11-18 09:39:20 $68.0]	INFO	Server is reloading all workers now
[2019-11-18 09:41:21 $68.0]	INFO	Server is reloading all workers now
[2019-11-18 09:41:39 $68.0]	INFO	Server is reloading all workers now
[2019-11-18 09:41:47 $68.0]	INFO	Server is reloading all workers now
[2019-11-18 09:43:40 $68.0]	INFO	Server is reloading all workers now
[2019-11-18 09:51:37 $68.0]	INFO	Server is reloading all workers now
[2019-11-18 10:07:50 $68.0]	INFO	Server is reloading all workers now
[2019-11-18 10:10:53 $68.0]	INFO	Server is reloading all workers now
[2019-11-18 12:23:43 $68.0]	INFO	Server is reloading all workers now
[2019-11-18 12:25:24 $68.0]	INFO	Server is reloading all workers now
[2019-11-18 12:26:00 $68.0]	INFO	Server is reloading all workers now
[2019-11-18 12:26:32 $68.0]	INFO	Server is reloading all workers now
[2019-11-18 12:26:33 *299.3]	ERROR	php_swoole_server_rshutdown (ERRNO 503): Fatal error: Cannot declare class App\HttpController\Index, because the name is already in use in /easyswoole/App/HttpController/SDK/Top/Index.php on line 39
[2019-11-18 12:26:33 $68.0]	WARNING	swManager_check_exit_status: worker#3[pid=299] abnormal exit, status=255, signal=0
[2019-11-18 12:28:32 $68.0]	INFO	Server is reloading all workers now
[2019-11-18 12:28:33 *310.3]	ERROR	php_swoole_server_rshutdown (ERRNO 503): Fatal error: Cannot declare class SDK\top\Index, because the name is already in use in /easyswoole/App/HttpController/SDK/Top/Index.php on line 39
[2019-11-18 12:28:33 $68.0]	WARNING	swManager_check_exit_status: worker#3[pid=310] abnormal exit, status=255, signal=0
[2019-11-18 12:28:35 *309.5]	ERROR	php_swoole_server_rshutdown (ERRNO 503): Fatal error: Cannot declare class SDK\top\Index, because the name is already in use in /easyswoole/App/HttpController/SDK/Top/Index.php on line 39
[2019-11-18 12:28:35 $68.0]	WARNING	swManager_check_exit_status: worker#5[pid=309] abnormal exit, status=255, signal=0
[2019-11-18 12:28:54 $68.0]	INFO	Server is reloading all workers now
[2019-12-08 15:24:46 $181.0]	INFO	Server is reloading all workers now
[2019-12-08 15:24:59 $181.0]	INFO	Server is reloading all workers now
[2019-12-08 15:25:18 $181.0]	INFO	Server is reloading all workers now
[2019-12-08 15:25:29 $181.0]	INFO	Server is reloading all workers now
[2019-12-08 15:27:29 $181.0]	INFO	Server is reloading all workers now
[2019-12-08 15:27:33 *245.3]	ERROR	php_swoole_server_rshutdown (ERRNO 503): Fatal error: Class 'App\Model\am\AbstractModel' not found in /easyswoole/App/Model/am/Links.php on line 12
[2019-12-08 15:27:33 $181.0]	WARNING	swManager_check_exit_status: worker#3[pid=245] abnormal exit, status=255, signal=0
[2019-12-08 15:28:06 $181.0]	INFO	Server is reloading all workers now
[2019-12-08 15:32:18 $181.0]	INFO	Server is reloading all workers now
[2019-12-08 15:33:29 $181.0]	INFO	Server is reloading all workers now
[2019-12-08 15:33:34 *276.3]	ERROR	php_swoole_server_rshutdown (ERRNO 503): Fatal error: Declaration of App\Model\am\Links::schemaInfo(bool $isCache = true): App\Model\am\Table must be compatible with EasySwoole\ORM\AbstractModel::schemaInfo(bool $isCache = true): EasySwoole\ORM\Utility\Schema\Table in /easyswoole/App/Model/am/Links.php on line 14
[2019-12-08 15:33:34 $181.0]	WARNING	swManager_check_exit_status: worker#3[pid=276] abnormal exit, status=255, signal=0
[2019-12-08 15:34:01 $181.0]	INFO	Server is reloading all workers now
[2019-12-08 15:35:32 $302.0]	INFO	Server is reloading all workers now
[2019-12-08 15:35:59 $302.0]	INFO	Server is reloading all workers now
[2019-12-08 15:38:17 $302.0]	INFO	Server is reloading all workers now
[2019-12-08 15:39:20 $302.0]	INFO	Server is reloading all workers now
[2019-12-08 15:39:48 $368.0]	INFO	Server is reloading all workers now
[2019-12-08 15:39:52 $368.0]	INFO	Server is reloading all workers now
[2019-12-08 15:40:11 *402.3]	ERROR	php_swoole_server_rshutdown (ERRNO 503): Fatal error: Class App\HttpController\AM contains 1 abstract method and must therefore be declared abstract or implement the remaining methods (EasySwoole\Http\AbstractInterface\Controller::index) in /easyswoole/App/HttpController/AM.php on line 15
[2019-12-08 15:40:11 $368.0]	WARNING	swManager_check_exit_status: worker#3[pid=402] abnormal exit, status=255, signal=0
[2019-12-08 15:40:11 $368.0]	INFO	Server is reloading all workers now
[2019-12-08 15:40:21 *430.3]	ERROR	php_swoole_server_rshutdown (ERRNO 503): Fatal error: Class App\HttpController\AM contains 1 abstract method and must therefore be declared abstract or implement the remaining methods (EasySwoole\Http\AbstractInterface\Controller::index) in /easyswoole/App/HttpController/AM.php on line 15
[2019-12-08 15:40:21 $423.0]	WARNING	swManager_check_exit_status: worker#3[pid=430] abnormal exit, status=255, signal=0
[2019-12-08 15:40:22 *429.2]	ERROR	php_swoole_server_rshutdown (ERRNO 503): Fatal error: Class App\HttpController\AM contains 1 abstract method and must therefore be declared abstract or implement the remaining methods (EasySwoole\Http\AbstractInterface\Controller::index) in /easyswoole/App/HttpController/AM.php on line 15
[2019-12-08 15:40:22 $423.0]	WARNING	swManager_check_exit_status: worker#2[pid=429] abnormal exit, status=255, signal=0
[2019-12-08 15:40:25 *443.3]	ERROR	php_swoole_server_rshutdown (ERRNO 503): Fatal error: Class App\HttpController\AM contains 1 abstract method and must therefore be declared abstract or implement the remaining methods (EasySwoole\Http\AbstractInterface\Controller::index) in /easyswoole/App/HttpController/AM.php on line 15
[2019-12-08 15:40:25 $423.0]	WARNING	swManager_check_exit_status: worker#3[pid=443] abnormal exit, status=255, signal=0
[2019-12-08 15:40:48 $423.0]	INFO	Server is reloading all workers now
[2019-12-08 15:41:06 $463.0]	INFO	Server is reloading all workers now
[2019-12-08 15:41:48 $463.0]	INFO	Server is reloading all workers now
[2019-12-08 15:42:36 $463.0]	INFO	Server is reloading all workers now
[2019-12-08 21:16:51 *507.3]	WARNING	swSignalfd_onSignal (ERRNO 707): Unable to find callback function for signal Broken pipe: 13
[2019-12-08 21:44:13 *507.3]	WARNING	swSignalfd_onSignal (ERRNO 707): Unable to find callback function for signal Broken pipe: 13
[2019-12-09 00:00:23 *507.3]	WARNING	swSignalfd_onSignal (ERRNO 707): Unable to find callback function for signal Broken pipe: 13
[2019-12-09 04:41:55 $62.0]	INFO	Server is reloading all workers now
[2019-12-09 04:44:57 $62.0]	INFO	Server is reloading all workers now
[2019-12-09 04:48:09 $62.0]	INFO	Server is reloading all workers now
[2019-12-09 04:49:20 $62.0]	INFO	Server is reloading all workers now
[2019-12-09 04:49:55 $62.0]	INFO	Server is reloading all workers now
[2019-12-09 04:52:58 $62.0]	INFO	Server is reloading all workers now
[2019-12-09 04:53:11 $62.0]	INFO	Server is reloading all workers now
[2019-12-09 04:54:09 $62.0]	INFO	Server is reloading all workers now
[2019-12-09 04:54:17 $62.0]	INFO	Server is reloading all workers now
[2019-12-09 04:54:27 $62.0]	INFO	Server is reloading all workers now
[2019-12-09 04:57:46 $62.0]	INFO	Server is reloading all workers now
[2019-12-09 04:57:51 $62.0]	INFO	Server is reloading all workers now
[2019-12-09 04:59:23 $62.0]	INFO	Server is reloading all workers now
[2019-12-09 05:00:10 $62.0]	INFO	Server is reloading all workers now
[2019-12-09 05:00:32 $62.0]	INFO	Server is reloading all workers now
[2019-12-09 05:01:31 $62.0]	INFO	Server is reloading all workers now
[2019-12-09 05:02:42 $62.0]	INFO	Server is reloading all workers now
[2019-12-09 05:02:55 $62.0]	INFO	Server is reloading all workers now
[2019-12-09 05:03:21 $62.0]	INFO	Server is reloading all workers now
[2019-12-09 05:03:54 $62.0]	INFO	Server is reloading all workers now
[2019-12-09 05:04:39 $62.0]	INFO	Server is reloading all workers now
[2019-12-09 05:04:54 $62.0]	INFO	Server is reloading all workers now
[2019-12-09 05:08:08 $62.0]	INFO	Server is reloading all workers now
[2019-12-09 05:08:56 $62.0]	INFO	Server is reloading all workers now
[2019-12-09 05:09:11 $62.0]	INFO	Server is reloading all workers now
[2019-12-09 05:09:25 $62.0]	INFO	Server is reloading all workers now
[2019-12-09 05:11:42 $62.0]	INFO	Server is reloading all workers now
[2019-12-09 05:12:13 $62.0]	INFO	Server is reloading all workers now
[2019-12-09 05:12:37 $62.0]	INFO	Server is reloading all workers now
[2019-12-09 05:13:24 $62.0]	INFO	Server is reloading all workers now
[2019-12-09 05:15:29 $62.0]	INFO	Server is reloading all workers now
[2019-12-09 05:16:15 $62.0]	INFO	Server is reloading all workers now
[2019-12-09 05:16:37 $62.0]	INFO	Server is reloading all workers now
[2019-12-09 05:17:20 $62.0]	INFO	Server is reloading all workers now
[2019-12-09 05:17:27 $62.0]	INFO	Server is reloading all workers now
[2019-12-09 05:17:58 $62.0]	INFO	Server is reloading all workers now
[2019-12-09 05:18:42 $62.0]	INFO	Server is reloading all workers now
[2019-12-09 05:20:55 $62.0]	INFO	Server is reloading all workers now
[2019-12-09 05:22:05 $62.0]	INFO	Server is reloading all workers now
[2019-12-09 05:22:12 $62.0]	INFO	Server is reloading all workers now
[2019-12-09 05:23:27 $62.0]	INFO	Server is reloading all workers now
[2019-12-09 05:24:12 $62.0]	INFO	Server is reloading all workers now
[2019-12-09 05:24:24 $62.0]	INFO	Server is reloading all workers now
[2019-12-09 05:25:03 $62.0]	INFO	Server is reloading all workers now
[2019-12-09 05:25:20 $62.0]	INFO	Server is reloading all workers now
[2019-12-09 05:25:38 $62.0]	INFO	Server is reloading all workers now
[2019-12-09 05:25:54 $62.0]	INFO	Server is reloading all workers now
[2019-12-09 05:26:06 $62.0]	INFO	Server is reloading all workers now
[2019-12-09 05:26:18 $62.0]	INFO	Server is reloading all workers now
[2019-12-09 05:26:46 $62.0]	INFO	Server is reloading all workers now
[2019-12-09 05:27:32 $62.0]	INFO	Server is reloading all workers now
[2019-12-09 05:29:50 $62.0]	INFO	Server is reloading all workers now
[2019-12-09 05:30:45 $62.0]	INFO	Server is reloading all workers now
[2019-12-09 05:31:37 $62.0]	INFO	Server is reloading all workers now
[2019-12-09 05:32:46 $62.0]	INFO	Server is reloading all workers now
[2019-12-09 05:32:53 $62.0]	INFO	Server is reloading all workers now
[2019-12-09 05:33:13 $62.0]	INFO	Server is reloading all workers now
[2019-12-09 05:33:20 $62.0]	INFO	Server is reloading all workers now
[2019-12-09 05:33:26 $62.0]	INFO	Server is reloading all workers now
[2019-12-09 05:33:32 $62.0]	INFO	Server is reloading all workers now
[2019-12-09 05:33:47 $62.0]	INFO	Server is reloading all workers now
[2019-12-09 05:33:52 $62.0]	INFO	Server is reloading all workers now
[2019-12-09 05:34:01 $62.0]	INFO	Server is reloading all workers now
[2019-12-09 05:34:06 $62.0]	INFO	Server is reloading all workers now
[2019-12-09 05:34:21 $62.0]	INFO	Server is reloading all workers now
[2019-12-09 05:34:40 $62.0]	INFO	Server is reloading all workers now
[2019-12-09 05:35:29 $62.0]	INFO	Server is reloading all workers now
[2019-12-09 05:38:23 $62.0]	INFO	Server is reloading all workers now
[2019-12-09 05:39:07 $62.0]	INFO	Server is reloading all workers now
[2019-12-09 05:39:35 $62.0]	INFO	Server is reloading all workers now
[2019-12-09 05:43:26 $709.0]	INFO	Server is reloading all workers now
[2019-12-09 05:44:54 $709.0]	INFO	Server is reloading all workers now
[2019-12-09 05:46:31 $709.0]	INFO	Server is reloading all workers now
[2019-12-09 05:46:39 $709.0]	INFO	Server is reloading all workers now
[2019-12-09 05:46:54 $709.0]	INFO	Server is reloading all workers now
[2019-12-09 05:48:14 $709.0]	INFO	Server is reloading all workers now
[2019-12-09 05:48:26 $709.0]	INFO	Server is reloading all workers now
[2019-12-09 05:51:12 $709.0]	INFO	Server is reloading all workers now
[2019-12-09 05:52:29 $709.0]	INFO	Server is reloading all workers now
[2019-12-09 05:53:49 $709.0]	INFO	Server is reloading all workers now
[2019-12-09 05:56:44 $709.0]	INFO	Server is reloading all workers now
[2019-12-09 05:57:47 $709.0]	INFO	Server is reloading all workers now
[2019-12-09 05:58:00 $709.0]	INFO	Server is reloading all workers now
[2019-12-09 05:59:28 $709.0]	INFO	Server is reloading all workers now
[2019-12-09 06:01:27 $709.0]	INFO	Server is reloading all workers now
[2019-12-09 06:01:49 $709.0]	INFO	Server is reloading all workers now
[2019-12-09 06:02:01 $709.0]	INFO	Server is reloading all workers now
[2019-12-09 06:02:42 $709.0]	INFO	Server is reloading all workers now
[2019-12-09 06:09:29 $709.0]	INFO	Server is reloading all workers now
[2019-12-09 06:10:01 $709.0]	INFO	Server is reloading all workers now
[2019-12-09 06:13:42 $709.0]	INFO	Server is reloading all workers now
[2019-12-09 06:16:56 $709.0]	INFO	Server is reloading all workers now
[2019-12-09 06:17:59 $709.0]	INFO	Server is reloading all workers now
[2019-12-09 06:18:29 $709.0]	INFO	Server is reloading all workers now
[2019-12-09 06:18:44 $709.0]	INFO	Server is reloading all workers now
[2019-12-09 06:19:09 $709.0]	INFO	Server is reloading all workers now
[2019-12-09 06:20:08 $709.0]	INFO	Server is reloading all workers now
[2019-12-09 06:21:24 $709.0]	INFO	Server is reloading all workers now
[2019-12-09 06:22:05 $709.0]	INFO	Server is reloading all workers now
[2019-12-09 06:22:29 $709.0]	INFO	Server is reloading all workers now
[2019-12-09 06:23:39 $709.0]	INFO	Server is reloading all workers now
[2019-12-09 06:24:12 $709.0]	INFO	Server is reloading all workers now
[2019-12-09 06:24:48 $709.0]	INFO	Server is reloading all workers now
[2019-12-09 06:25:45 $709.0]	INFO	Server is reloading all workers now
[2019-12-09 06:26:26 $709.0]	INFO	Server is reloading all workers now
[2019-12-09 06:26:46 $709.0]	INFO	Server is reloading all workers now
[2019-12-09 06:27:03 $709.0]	INFO	Server is reloading all workers now
[2019-12-09 06:27:28 $709.0]	INFO	Server is reloading all workers now
[2019-12-09 06:27:47 $709.0]	INFO	Server is reloading all workers now
[2019-12-09 06:28:25 $709.0]	INFO	Server is reloading all workers now
[2019-12-09 06:28:33 $709.0]	INFO	Server is reloading all workers now
[2019-12-09 06:29:33 $709.0]	INFO	Server is reloading all workers now
[2019-12-09 06:29:49 $709.0]	INFO	Server is reloading all workers now
[2019-12-09 06:30:53 $709.0]	INFO	Server is reloading all workers now
[2019-12-09 06:37:07 $709.0]	INFO	Server is reloading all workers now
[2019-12-09 06:39:10 $709.0]	INFO	Server is reloading all workers now
[2019-12-09 06:39:18 $709.0]	INFO	Server is reloading all workers now
[2019-12-09 06:41:35 $709.0]	INFO	Server is reloading all workers now
[2019-12-09 06:42:23 $709.0]	INFO	Server is reloading all workers now
[2019-12-09 06:42:40 $709.0]	INFO	Server is reloading all workers now
[2019-12-09 06:42:48 $709.0]	INFO	Server is reloading all workers now
[2019-12-09 06:43:31 $709.0]	INFO	Server is reloading all workers now
[2019-12-09 06:43:46 $709.0]	INFO	Server is reloading all workers now
[2019-12-09 06:44:02 $709.0]	INFO	Server is reloading all workers now
[2019-12-09 06:44:14 $709.0]	INFO	Server is reloading all workers now
[2019-12-09 06:44:49 $709.0]	INFO	Server is reloading all workers now
[2019-12-09 07:04:10 $709.0]	INFO	Server is reloading all workers now
[2019-12-09 07:05:32 $709.0]	INFO	Server is reloading all workers now
[2019-12-09 07:07:02 $709.0]	INFO	Server is reloading all workers now
[2019-12-09 07:11:19 $709.0]	INFO	Server is reloading all workers now
[2019-12-09 07:11:42 $709.0]	INFO	Server is reloading all workers now
[2019-12-09 07:12:18 $709.0]	INFO	Server is reloading all workers now
[2019-12-09 07:12:57 $709.0]	INFO	Server is reloading all workers now
[2019-12-09 07:13:11 $709.0]	INFO	Server is reloading all workers now
[2019-12-09 07:13:33 $709.0]	INFO	Server is reloading all workers now
[2019-12-09 07:14:16 $709.0]	INFO	Server is reloading all workers now
[2019-12-09 07:15:46 $709.0]	INFO	Server is reloading all workers now
[2019-12-09 07:16:23 $709.0]	INFO	Server is reloading all workers now
[2019-12-09 07:16:57 $709.0]	INFO	Server is reloading all workers now
[2019-12-09 07:17:47 $709.0]	INFO	Server is reloading all workers now
[2019-12-09 07:20:10 $709.0]	INFO	Server is reloading all workers now
[2019-12-09 07:24:08 $709.0]	INFO	Server is reloading all workers now
[2019-12-09 07:25:57 $709.0]	INFO	Server is reloading all workers now
[2019-12-09 07:26:27 $709.0]	INFO	Server is reloading all workers now
[2019-12-09 07:27:29 $709.0]	INFO	Server is reloading all workers now
[2019-12-09 07:27:46 $709.0]	INFO	Server is reloading all workers now
[2019-12-09 07:31:30 $709.0]	INFO	Server is reloading all workers now
[2019-12-09 07:34:31 $709.0]	INFO	Server is reloading all workers now
[2019-12-09 07:34:43 $709.0]	INFO	Server is reloading all workers now
[2019-12-09 07:34:51 $709.0]	INFO	Server is reloading all workers now
[2019-12-09 07:35:07 $709.0]	INFO	Server is reloading all workers now
[2019-12-09 07:35:15 $709.0]	INFO	Server is reloading all workers now
[2019-12-09 07:37:01 $709.0]	INFO	Server is reloading all workers now
[2019-12-09 07:37:45 $709.0]	INFO	Server is reloading all workers now
[2019-12-09 07:40:01 $709.0]	INFO	Server is reloading all workers now
[2019-12-09 07:40:09 $709.0]	INFO	Server is reloading all workers now
[2019-12-09 07:40:30 $709.0]	INFO	Server is reloading all workers now
[2019-12-09 07:40:43 $709.0]	INFO	Server is reloading all workers now
[2019-12-09 07:42:43 $709.0]	INFO	Server is reloading all workers now
[2019-12-09 07:42:51 $709.0]	INFO	Server is reloading all workers now
[2019-12-09 07:47:08 $709.0]	INFO	Server is reloading all workers now
[2019-12-09 07:47:17 $709.0]	INFO	Server is reloading all workers now
[2019-12-09 07:59:01 $709.0]	INFO	Server is reloading all workers now
[2019-12-09 08:01:40 $709.0]	INFO	Server is reloading all workers now
[2019-12-09 08:02:13 $709.0]	INFO	Server is reloading all workers now
[2019-12-09 08:02:21 $709.0]	INFO	Server is reloading all workers now
[2019-12-09 08:02:34 $709.0]	INFO	Server is reloading all workers now
[2019-12-09 08:02:51 $709.0]	INFO	Server is reloading all workers now
[2019-12-09 08:03:51 $709.0]	INFO	Server is reloading all workers now
[2019-12-09 08:04:11 $709.0]	INFO	Server is reloading all workers now
[2019-12-09 08:04:23 $709.0]	INFO	Server is reloading all workers now
[2019-12-09 08:06:25 $709.0]	INFO	Server is reloading all workers now
[2019-12-09 08:06:53 $709.0]	INFO	Server is reloading all workers now
[2019-12-09 08:07:27 $709.0]	INFO	Server is reloading all workers now
[2019-12-09 08:08:20 $709.0]	INFO	Server is reloading all workers now
[2019-12-09 08:09:52 $709.0]	INFO	Server is reloading all workers now
[2019-12-09 08:11:48 $709.0]	INFO	Server is reloading all workers now
[2019-12-09 08:12:15 $709.0]	INFO	Server is reloading all workers now
[2019-12-09 08:12:37 $709.0]	INFO	Server is reloading all workers now
[2019-12-09 08:15:24 $709.0]	INFO	Server is reloading all workers now
[2019-12-09 08:17:06 $709.0]	INFO	Server is reloading all workers now
[2019-12-09 08:17:51 $709.0]	INFO	Server is reloading all workers now
[2019-12-09 08:18:15 $709.0]	INFO	Server is reloading all workers now
[2019-12-09 08:20:01 $709.0]	INFO	Server is reloading all workers now
[2019-12-09 08:20:25 $709.0]	INFO	Server is reloading all workers now
[2019-12-09 08:20:57 $709.0]	INFO	Server is reloading all workers now
[2019-12-09 08:21:26 $709.0]	INFO	Server is reloading all workers now
[2019-12-09 08:21:44 $709.0]	INFO	Server is reloading all workers now
[2019-12-09 08:22:00 $709.0]	INFO	Server is reloading all workers now
[2019-12-09 08:29:38 $709.0]	INFO	Server is reloading all workers now
[2019-12-09 08:42:16 $709.0]	INFO	Server is reloading all workers now
[2019-12-09 08:46:26 $709.0]	INFO	Server is reloading all workers now
[2019-12-09 08:47:23 $709.0]	INFO	Server is reloading all workers now
[2019-12-09 08:47:45 $709.0]	INFO	Server is reloading all workers now
[2019-12-09 08:47:56 $709.0]	INFO	Server is reloading all workers now
[2019-12-09 08:48:57 $709.0]	INFO	Server is reloading all workers now
[2019-12-09 08:49:13 $709.0]	INFO	Server is reloading all workers now
[2019-12-09 08:49:51 $709.0]	INFO	Server is reloading all workers now
[2019-12-09 08:50:16 $709.0]	INFO	Server is reloading all workers now
[2019-12-09 08:51:55 $709.0]	INFO	Server is reloading all workers now
[2019-12-09 08:54:57 $709.0]	INFO	Server is reloading all workers now
[2019-12-09 08:55:29 $709.0]	INFO	Server is reloading all workers now
[2019-12-09 08:55:49 $709.0]	INFO	Server is reloading all workers now
[2019-12-09 08:56:20 $709.0]	INFO	Server is reloading all workers now
[2019-12-09 08:56:55 $709.0]	INFO	Server is reloading all workers now
[2019-12-09 08:57:33 $709.0]	INFO	Server is reloading all workers now
[2019-12-09 08:58:01 $709.0]	INFO	Server is reloading all workers now
[2019-12-09 08:59:19 $709.0]	INFO	Server is reloading all workers now
[2019-12-09 08:59:53 $709.0]	INFO	Server is reloading all workers now
[2019-12-09 09:00:19 $709.0]	INFO	Server is reloading all workers now
[2019-12-09 09:00:32 $709.0]	INFO	Server is reloading all workers now
[2019-12-09 09:02:11 $709.0]	INFO	Server is reloading all workers now
[2019-12-09 09:02:36 $709.0]	INFO	Server is reloading all workers now
[2019-12-09 09:02:47 $709.0]	INFO	Server is reloading all workers now
[2019-12-09 09:04:36 $709.0]	INFO	Server is reloading all workers now
[2019-12-09 09:04:55 $709.0]	INFO	Server is reloading all workers now
[2019-12-09 09:05:06 $709.0]	INFO	Server is reloading all workers now
[2019-12-09 09:05:18 $709.0]	INFO	Server is reloading all workers now
[2019-12-09 09:06:32 $709.0]	INFO	Server is reloading all workers now
[2019-12-09 09:06:51 $709.0]	INFO	Server is reloading all workers now
[2019-12-09 09:18:49 $709.0]	INFO	Server is reloading all workers now
[2019-12-09 09:19:51 $709.0]	INFO	Server is reloading all workers now
[2019-12-09 09:20:21 $709.0]	INFO	Server is reloading all workers now
[2019-12-09 09:20:25 $709.0]	INFO	Server is reloading all workers now
[2019-12-09 09:20:51 $709.0]	INFO	Server is reloading all workers now
[2019-12-09 09:21:21 $709.0]	INFO	Server is reloading all workers now
[2019-12-09 09:21:35 $709.0]	INFO	Server is reloading all workers now
[2019-12-09 09:21:49 $709.0]	INFO	Server is reloading all workers now
[2019-12-09 09:22:11 $709.0]	INFO	Server is reloading all workers now
[2019-12-09 09:57:59 *2125.2]	WARNING	swSignalfd_onSignal (ERRNO 707): Unable to find callback function for signal Broken pipe: 13
[2019-12-09 10:03:43 *2125.2]	WARNING	swSignalfd_onSignal (ERRNO 707): Unable to find callback function for signal Broken pipe: 13
[2019-12-09 10:05:40 $709.0]	INFO	Server is reloading all workers now
[2019-12-09 10:06:29 $709.0]	INFO	Server is reloading all workers now
[2019-12-09 10:07:30 $709.0]	INFO	Server is reloading all workers now
[2019-12-09 10:09:21 $2165.0]	INFO	Server is reloading all workers now
[2019-12-09 10:09:24 $2165.0]	INFO	Server is reloading all workers now
[2019-12-09 10:09:40 $2165.0]	INFO	Server is reloading all workers now
[2019-12-09 10:10:17 $2165.0]	INFO	Server is reloading all workers now
[2019-12-09 10:10:49 $2165.0]	INFO	Server is reloading all workers now
[2019-12-09 10:11:35 $2165.0]	INFO	Server is reloading all workers now
[2019-12-09 10:12:14 $2165.0]	INFO	Server is reloading all workers now
[2019-12-09 10:12:32 $2165.0]	INFO	Server is reloading all workers now
[2019-12-09 10:13:07 $2165.0]	INFO	Server is reloading all workers now
[2019-12-09 10:14:19 $2165.0]	INFO	Server is reloading all workers now
[2019-12-09 10:14:41 $2165.0]	INFO	Server is reloading all workers now
[2019-12-09 10:15:26 $2165.0]	INFO	Server is reloading all workers now
[2019-12-09 10:15:38 $2165.0]	INFO	Server is reloading all workers now
[2019-12-09 10:17:57 $2165.0]	INFO	Server is reloading all workers now
[2019-12-09 10:18:23 $2165.0]	INFO	Server is reloading all workers now
[2019-12-09 10:20:00 $2165.0]	INFO	Server is reloading all workers now
[2019-12-09 10:24:27 $2165.0]	INFO	Server is reloading all workers now
[2019-12-09 10:26:21 $2165.0]	INFO	Server is reloading all workers now
[2019-12-09 10:27:26 $2165.0]	INFO	Server is reloading all workers now
[2019-12-09 10:28:51 $2165.0]	INFO	Server is reloading all workers now
[2019-12-09 10:31:02 $2165.0]	INFO	Server is reloading all workers now
[2019-12-09 10:31:21 $2165.0]	INFO	Server is reloading all workers now
[2019-12-09 10:32:06 $2165.0]	INFO	Server is reloading all workers now
[2019-12-09 10:33:37 $2165.0]	INFO	Server is reloading all workers now
[2019-12-09 10:33:59 $2165.0]	INFO	Server is reloading all workers now
[2019-12-09 10:38:24 $2165.0]	INFO	Server is reloading all workers now
[2019-12-09 10:38:35 $2165.0]	INFO	Server is reloading all workers now
[2019-12-09 10:39:19 $2165.0]	INFO	Server is reloading all workers now
[2019-12-09 10:43:22 $2165.0]	INFO	Server is reloading all workers now
[2019-12-09 13:58:47 $249.0]	INFO	Server is reloading all workers now
[2019-12-09 13:59:11 $249.0]	INFO	Server is reloading all workers now
[2019-12-09 13:59:26 $249.0]	INFO	Server is reloading all workers now
[2019-12-09 13:59:54 $249.0]	INFO	Server is reloading all workers now
[2019-12-09 14:05:13 $311.0]	INFO	Server is reloading all workers now
[2019-12-09 14:06:33 $311.0]	INFO	Server is reloading all workers now
[2019-12-09 14:10:17 $311.0]	INFO	Server is reloading all workers now
[2019-12-09 14:13:04 $311.0]	INFO	Server is reloading all workers now
[2019-12-09 14:13:18 $311.0]	INFO	Server is reloading all workers now
[2019-12-09 14:16:51 $311.0]	INFO	Server is reloading all workers now
[2019-12-09 14:18:26 $311.0]	INFO	Server is reloading all workers now
[2019-12-09 14:18:40 $311.0]	INFO	Server is reloading all workers now
[2019-12-09 14:19:11 $311.0]	INFO	Server is reloading all workers now
[2019-12-09 14:48:40 *404.2]	ERROR	php_swoole_server_rshutdown (ERRNO 503): Fatal error: Uncaught EasySwoole\ORM\Exception\Exception: SQLSTATE[HY000] [2002] Connection refused in /easyswoole/vendor/easyswoole/orm/src/Db/Pool.php:22
Stack trace:
#0 /easyswoole/vendor/easyswoole/pool/src/AbstractPool.php(271): EasySwoole\ORM\Db\Pool->createObject()
#1 /easyswoole/vendor/easyswoole/pool/src/AbstractPool.php(229): EasySwoole\Pool\AbstractPool->initObject()
#2 /easyswoole/vendor/easyswoole/pool/src/AbstractPool.php(215): EasySwoole\Pool\AbstractPool->keepMin(5)
#3 {main}
  thrown in /easyswoole/vendor/easyswoole/orm/src/Db/Pool.php on line 22
[2019-12-09 14:48:40 $311.0]	WARNING	swManager_check_exit_status: worker#2[pid=404] abnormal exit, status=255, signal=0
[2019-12-09 15:50:52 $311.0]	INFO	Server is reloading all workers now
[2019-12-09 15:52:29 $427.0]	INFO	Server is reloading all workers now
[2019-12-09 15:53:36 $427.0]	INFO	Server is reloading all workers now
[2019-12-09 15:53:44 $427.0]	INFO	Server is reloading all workers now
[2019-12-09 15:54:00 $427.0]	INFO	Server is reloading all workers now
[2019-12-09 16:31:49 *475.1]	ERROR	php_swoole_server_rshutdown (ERRNO 503): Fatal error: Uncaught EasySwoole\ORM\Exception\Exception: SQLSTATE[HY000] [2002]  in /easyswoole/vendor/easyswoole/orm/src/Db/Pool.php:22
Stack trace:
#0 /easyswoole/vendor/easyswoole/pool/src/AbstractPool.php(271): EasySwoole\ORM\Db\Pool->createObject()
#1 /easyswoole/vendor/easyswoole/pool/src/AbstractPool.php(229): EasySwoole\Pool\AbstractPool->initObject()
#2 /easyswoole/vendor/easyswoole/pool/src/AbstractPool.php(215): EasySwoole\Pool\AbstractPool->keepMin(5)
#3 {main}
  thrown in /easyswoole/vendor/easyswoole/orm/src/Db/Pool.php on line 22
[2019-12-09 16:31:49 $427.0]	WARNING	swManager_check_exit_status: worker#1[pid=475] abnormal exit, status=255, signal=0
[2019-12-09 19:48:19 $427.0]	INFO	Server is reloading all workers now
[2019-12-09 19:51:12 $427.0]	INFO	Server is reloading all workers now
[2019-12-09 19:54:53 $427.0]	INFO	Server is reloading all workers now
[2019-12-09 19:55:41 $427.0]	INFO	Server is reloading all workers now
[2019-12-09 19:56:32 $427.0]	INFO	Server is reloading all workers now
[2019-12-09 20:08:30 $427.0]	INFO	Server is reloading all workers now
[2019-12-09 20:10:17 $427.0]	INFO	Server is reloading all workers now
[2019-12-09 20:13:12 $427.0]	INFO	Server is reloading all workers now
[2019-12-09 20:14:11 $427.0]	INFO	Server is reloading all workers now
[2019-12-09 20:16:07 $427.0]	INFO	Server is reloading all workers now
[2019-12-09 20:16:35 $427.0]	INFO	Server is reloading all workers now
[2019-12-09 20:17:14 $427.0]	INFO	Server is reloading all workers now
[2019-12-09 20:18:31 $592.0]	INFO	Server is reloading all workers now
[2019-12-09 20:19:06 $592.0]	INFO	Server is reloading all workers now
[2019-12-09 20:24:39 $592.0]	INFO	Server is reloading all workers now
[2019-12-09 20:25:43 $592.0]	INFO	Server is reloading all workers now
[2019-12-09 20:30:09 $592.0]	INFO	Server is reloading all workers now
[2019-12-09 20:34:39 $592.0]	INFO	Server is reloading all workers now
[2019-12-09 20:35:14 $592.0]	INFO	Server is reloading all workers now
[2019-12-09 20:37:49 $592.0]	INFO	Server is reloading all workers now
[2019-12-09 20:38:16 $592.0]	INFO	Server is reloading all workers now
[2019-12-09 20:39:06 $592.0]	INFO	Server is reloading all workers now
[2019-12-09 20:39:30 $592.0]	INFO	Server is reloading all workers now
[2019-12-09 20:41:04 $592.0]	INFO	Server is reloading all workers now
[2019-12-09 20:41:12 $592.0]	INFO	Server is reloading all workers now
[2019-12-09 20:41:38 $592.0]	INFO	Server is reloading all workers now
[2019-12-09 20:43:02 $592.0]	INFO	Server is reloading all workers now
[2019-12-09 20:43:28 $592.0]	INFO	Server is reloading all workers now
[2019-12-09 20:44:43 $592.0]	INFO	Server is reloading all workers now
[2019-12-09 20:48:33 $592.0]	INFO	Server is reloading all workers now
[2019-12-09 20:52:30 $592.0]	INFO	Server is reloading all workers now
[2019-12-09 20:53:31 $592.0]	INFO	Server is reloading all workers now
[2019-12-09 20:54:29 $592.0]	INFO	Server is reloading all workers now
[2019-12-09 20:56:01 $592.0]	INFO	Server is reloading all workers now
[2019-12-09 20:57:27 $592.0]	INFO	Server is reloading all workers now
[2019-12-09 21:04:14 $592.0]	INFO	Server is reloading all workers now
[2019-12-09 21:08:40 $592.0]	INFO	Server is reloading all workers now
[2019-12-09 21:10:06 $592.0]	INFO	Server is reloading all workers now
[2019-12-09 21:11:11 $592.0]	INFO	Server is reloading all workers now
[2019-12-09 21:11:34 $592.0]	INFO	Server is reloading all workers now
[2019-12-09 21:17:54 $592.0]	INFO	Server is reloading all workers now
[2019-12-09 21:19:18 $592.0]	INFO	Server is reloading all workers now
[2019-12-09 21:21:35 $592.0]	INFO	Server is reloading all workers now
[2019-12-09 21:24:53 $592.0]	INFO	Server is reloading all workers now
[2019-12-09 21:26:13 $592.0]	INFO	Server is reloading all workers now
[2019-12-09 21:26:44 $592.0]	INFO	Server is reloading all workers now
[2019-12-09 21:29:12 $592.0]	INFO	Server is reloading all workers now
[2019-12-09 21:29:27 $592.0]	INFO	Server is reloading all workers now
[2019-12-09 21:29:57 $592.0]	INFO	Server is reloading all workers now
[2019-12-09 21:30:54 $592.0]	INFO	Server is reloading all workers now
[2019-12-09 21:31:28 $592.0]	INFO	Server is reloading all workers now
[2019-12-09 21:31:53 $592.0]	INFO	Server is reloading all workers now
[2019-12-09 21:33:04 $592.0]	INFO	Server is reloading all workers now
[2019-12-09 21:33:14 $592.0]	INFO	Server is reloading all workers now
[2019-12-09 21:33:30 $592.0]	INFO	Server is reloading all workers now
[2019-12-09 21:34:00 $592.0]	INFO	Server is reloading all workers now
[2019-12-09 21:34:32 $592.0]	INFO	Server is reloading all workers now
[2019-12-09 21:35:13 $592.0]	INFO	Server is reloading all workers now
[2019-12-09 22:12:50 *1010.1]	WARNING	swSignalfd_onSignal (ERRNO 707): Unable to find callback function for signal Broken pipe: 13
[2019-12-10 03:09:49 $592.0]	INFO	Server is reloading all workers now
[2019-12-10 03:35:56 $592.0]	INFO	Server is reloading all workers now
[2019-12-10 03:36:55 $592.0]	INFO	Server is reloading all workers now
[2019-12-10 03:39:55 $592.0]	INFO	Server is reloading all workers now
[2019-12-10 03:44:11 *1048.2]	WARNING	swSignalfd_onSignal (ERRNO 707): Unable to find callback function for signal Broken pipe: 13
[2019-12-10 04:24:32 $592.0]	INFO	Server is reloading all workers now
[2019-12-10 05:12:25 *1069.1]	WARNING	swSignalfd_onSignal (ERRNO 707): Unable to find callback function for signal Broken pipe: 13
[2019-12-10 05:23:56 $1065.0]	INFO	Server is reloading all workers now
[2019-12-10 05:24:39 $1065.0]	INFO	Server is reloading all workers now
[2019-12-10 05:58:02 $1065.0]	INFO	Server is reloading all workers now
[2019-12-10 06:00:15 $1065.0]	INFO	Server is reloading all workers now
[2019-12-10 07:38:06 *1112.3]	ERROR	php_swoole_server_rshutdown (ERRNO 503): Fatal error: Uncaught EasySwoole\ORM\Exception\Exception: SQLSTATE[HY000] [2002] Connection refused in /easyswoole/vendor/easyswoole/orm/src/Db/Pool.php:22
Stack trace:
#0 /easyswoole/vendor/easyswoole/pool/src/AbstractPool.php(271): EasySwoole\ORM\Db\Pool->createObject()
#1 /easyswoole/vendor/easyswoole/pool/src/AbstractPool.php(229): EasySwoole\Pool\AbstractPool->initObject()
#2 /easyswoole/vendor/easyswoole/pool/src/AbstractPool.php(215): EasySwoole\Pool\AbstractPool->keepMin(5)
#3 {main}
  thrown in /easyswoole/vendor/easyswoole/orm/src/Db/Pool.php on line 22
[2019-12-10 07:38:06 $1065.0]	WARNING	swManager_check_exit_status: worker#3[pid=1112] abnormal exit, status=255, signal=0
[2019-12-10 08:28:55 $1065.0]	INFO	Server is reloading all workers now
[2019-12-10 08:29:06 $1065.0]	INFO	Server is reloading all workers now
[2019-12-10 08:31:12 $1065.0]	INFO	Server is reloading all workers now
[2019-12-10 08:52:25 $1065.0]	INFO	Server is reloading all workers now
[2019-12-10 08:53:23 $1065.0]	INFO	Server is reloading all workers now
[2019-12-10 08:54:19 $1065.0]	INFO	Server is reloading all workers now
[2019-12-10 08:56:02 $1065.0]	INFO	Server is reloading all workers now
[2019-12-10 08:57:17 $1065.0]	INFO	Server is reloading all workers now
[2019-12-10 09:07:13 $1065.0]	INFO	Server is reloading all workers now
[2019-12-10 09:11:20 $1065.0]	INFO	Server is reloading all workers now
[2019-12-10 09:12:51 $1065.0]	INFO	Server is reloading all workers now
[2019-12-10 09:15:19 $1065.0]	INFO	Server is reloading all workers now
[2019-12-10 09:17:45 $1065.0]	INFO	Server is reloading all workers now
[2019-12-10 09:20:04 $1065.0]	INFO	Server is reloading all workers now
[2019-12-10 09:26:54 $1065.0]	INFO	Server is reloading all workers now
[2019-12-10 09:28:03 $1065.0]	INFO	Server is reloading all workers now
[2019-12-10 09:28:54 $1065.0]	INFO	Server is reloading all workers now
[2019-12-10 09:38:29 $1065.0]	INFO	Server is reloading all workers now
[2019-12-10 09:40:05 $1065.0]	INFO	Server is reloading all workers now
[2019-12-10 09:42:47 $1065.0]	INFO	Server is reloading all workers now
[2019-12-10 09:43:02 $1065.0]	INFO	Server is reloading all workers now
[2019-12-10 09:53:05 $1065.0]	INFO	Server is reloading all workers now
[2019-12-10 09:55:05 $1065.0]	INFO	Server is reloading all workers now
[2019-12-10 09:56:29 $1065.0]	INFO	Server is reloading all workers now
[2019-12-10 09:58:52 $1065.0]	INFO	Server is reloading all workers now
[2019-12-10 09:59:33 $1065.0]	INFO	Server is reloading all workers now
[2019-12-10 10:01:08 $1065.0]	INFO	Server is reloading all workers now
[2019-12-10 10:05:54 $1065.0]	INFO	Server is reloading all workers now
[2019-12-10 10:58:18 *1350.1]	WARNING	swSignalfd_onSignal (ERRNO 707): Unable to find callback function for signal Broken pipe: 13
[2019-12-10 10:58:19 *1357.2]	WARNING	swSignalfd_onSignal (ERRNO 707): Unable to find callback function for signal Broken pipe: 13
[2019-12-10 12:35:19 *1350.1]	ERROR	php_swoole_server_rshutdown (ERRNO 503): Fatal error: Uncaught EasySwoole\ORM\Exception\Exception: SQLSTATE[HY000] [2002] Connection refused in /easyswoole/vendor/easyswoole/orm/src/Db/Pool.php:22
Stack trace:
#0 /easyswoole/vendor/easyswoole/pool/src/AbstractPool.php(271): EasySwoole\ORM\Db\Pool->createObject()
#1 /easyswoole/vendor/easyswoole/pool/src/AbstractPool.php(229): EasySwoole\Pool\AbstractPool->initObject()
#2 /easyswoole/vendor/easyswoole/pool/src/AbstractPool.php(215): EasySwoole\Pool\AbstractPool->keepMin(5)
#3 {main}
  thrown in /easyswoole/vendor/easyswoole/orm/src/Db/Pool.php on line 22
[2019-12-10 12:35:19 $1065.0]	WARNING	swManager_check_exit_status: worker#1[pid=1350] abnormal exit, status=255, signal=0
[2019-12-10 12:59:39 $1065.0]	INFO	Server is reloading all workers now
[2019-12-10 13:00:33 $1065.0]	INFO	Server is reloading all workers now
[2019-12-10 13:01:28 $1065.0]	INFO	Server is reloading all workers now
[2019-12-10 13:48:16 $1065.0]	INFO	Server is reloading all workers now
[2019-12-10 13:52:38 $1065.0]	INFO	Server is reloading all workers now
[2019-12-10 14:01:01 $1065.0]	INFO	Server is reloading all workers now
[2019-12-10 14:19:01 *1404.1]	WARNING	swSignalfd_onSignal (ERRNO 707): Unable to find callback function for signal Broken pipe: 13
[2019-12-10 14:46:59 *1403.4]	ERROR	php_swoole_server_rshutdown (ERRNO 503): Fatal error: Uncaught EasySwoole\ORM\Exception\Exception: SQLSTATE[HY000] [2002] Connection refused in /easyswoole/vendor/easyswoole/orm/src/Db/Pool.php:22
Stack trace:
#0 /easyswoole/vendor/easyswoole/pool/src/AbstractPool.php(271): EasySwoole\ORM\Db\Pool->createObject()
#1 /easyswoole/vendor/easyswoole/pool/src/AbstractPool.php(229): EasySwoole\Pool\AbstractPool->initObject()
#2 /easyswoole/vendor/easyswoole/pool/src/AbstractPool.php(215): EasySwoole\Pool\AbstractPool->keepMin(5)
#3 {main}
  thrown in /easyswoole/vendor/easyswoole/orm/src/Db/Pool.php on line 22
[2019-12-10 14:46:59 $1065.0]	WARNING	swManager_check_exit_status: worker#4[pid=1403] abnormal exit, status=255, signal=0
[2019-12-10 14:47:28 *1401.2]	ERROR	php_swoole_server_rshutdown (ERRNO 503): Fatal error: Uncaught EasySwoole\ORM\Exception\Exception: SQLSTATE[HY000] [2002] Connection timed out in /easyswoole/vendor/easyswoole/orm/src/Db/Pool.php:22
Stack trace:
#0 /easyswoole/vendor/easyswoole/pool/src/AbstractPool.php(271): EasySwoole\ORM\Db\Pool->createObject()
#1 /easyswoole/vendor/easyswoole/pool/src/AbstractPool.php(229): EasySwoole\Pool\AbstractPool->initObject()
#2 /easyswoole/vendor/easyswoole/pool/src/AbstractPool.php(215): EasySwoole\Pool\AbstractPool->keepMin(5)
#3 {main}
  thrown in /easyswoole/vendor/easyswoole/orm/src/Db/Pool.php on line 22
[2019-12-10 14:47:28 $1065.0]	WARNING	swManager_check_exit_status: worker#2[pid=1401] abnormal exit, status=255, signal=0
[2019-12-10 14:47:28 *1402.3]	ERROR	php_swoole_server_rshutdown (ERRNO 503): Fatal error: Uncaught EasySwoole\ORM\Exception\Exception: SQLSTATE[HY000] [2002] Connection timed out in /easyswoole/vendor/easyswoole/orm/src/Db/Pool.php:22
Stack trace:
#0 /easyswoole/vendor/easyswoole/pool/src/AbstractPool.php(271): EasySwoole\ORM\Db\Pool->createObject()
#1 /easyswoole/vendor/easyswoole/pool/src/AbstractPool.php(229): EasySwoole\Pool\AbstractPool->initObject()
#2 /easyswoole/vendor/easyswoole/pool/src/AbstractPool.php(215): EasySwoole\Pool\AbstractPool->keepMin(5)
#3 {main}
  thrown in /easyswoole/vendor/easyswoole/orm/src/Db/Pool.php on line 22
[2019-12-10 14:47:28 $1065.0]	WARNING	swManager_check_exit_status: worker#3[pid=1402] abnormal exit, status=255, signal=0
[2019-12-10 14:59:55 $1065.0]	INFO	Server is reloading all workers now
[2019-12-10 15:02:15 $1065.0]	INFO	Server is reloading all workers now
[2019-12-10 15:04:30 $1065.0]	INFO	Server is reloading all workers now
[2019-12-10 15:05:29 $1065.0]	INFO	Server is reloading all workers now
[2019-12-10 15:06:38 $1065.0]	INFO	Server is reloading all workers now
[2019-12-10 15:06:41 *1446.4]	WARNING	swWorker_reactor_is_empty (ERRNO 9012): worker exit timeout, forced to terminate
[2019-12-10 15:08:34 $1065.0]	INFO	Server is reloading all workers now
[2019-12-10 15:08:51 $1065.0]	INFO	Server is reloading all workers now
[2019-12-10 15:09:04 $1065.0]	INFO	Server is reloading all workers now
[2019-12-10 15:09:30 $1065.0]	INFO	Server is reloading all workers now
[2019-12-10 15:25:13 $1065.0]	INFO	Server is reloading all workers now
[2019-12-10 15:25:23 $1065.0]	INFO	Server is reloading all workers now
[2019-12-10 15:57:13 $1065.0]	INFO	Server is reloading all workers now
[2019-12-10 15:58:38 $1065.0]	INFO	Server is reloading all workers now
